  main.cpp
c:\users\jonathonlau\source\repos\ncgame\engine\math.h(18): error C2144: syntax error: 'float' should be preceded by ';'
c:\users\jonathonlau\source\repos\ncgame\engine\math.h(18): error C4430: missing type specifier - int assumed. Note: C++ does not support default-int
c:\users\jonathonlau\source\repos\ncgame\engine\math.h(19): error C2144: syntax error: 'float' should be preceded by ';'
c:\users\jonathonlau\source\repos\ncgame\engine\math.h(19): error C4430: missing type specifier - int assumed. Note: C++ does not support default-int
c:\users\jonathonlau\source\repos\ncgame\engine\math.h(19): error C2086: 'int Math::ENGINE_API': redefinition
  c:\users\jonathonlau\source\repos\ncgame\engine\math.h(18): note: see declaration of 'Math::ENGINE_API'
c:\users\jonathonlau\source\repos\ncgame\engine\math.h(20): error C2144: syntax error: 'float' should be preceded by ';'
c:\users\jonathonlau\source\repos\ncgame\engine\math.h(20): error C4430: missing type specifier - int assumed. Note: C++ does not support default-int
c:\users\jonathonlau\source\repos\ncgame\engine\math.h(20): error C2086: 'int Math::ENGINE_API': redefinition
  c:\users\jonathonlau\source\repos\ncgame\engine\math.h(18): note: see declaration of 'Math::ENGINE_API'
c:\users\jonathonlau\source\repos\ncgame\engine\math.h(21): error C2144: syntax error: 'float' should be preceded by ';'
c:\users\jonathonlau\source\repos\ncgame\engine\math.h(21): error C4430: missing type specifier - int assumed. Note: C++ does not support default-int
c:\users\jonathonlau\source\repos\ncgame\engine\math.h(21): error C2086: 'int Math::ENGINE_API': redefinition
  c:\users\jonathonlau\source\repos\ncgame\engine\math.h(18): note: see declaration of 'Math::ENGINE_API'
c:\users\jonathonlau\source\repos\ncgame\engine\math.h(22): error C2144: syntax error: 'float' should be preceded by ';'
c:\users\jonathonlau\source\repos\ncgame\engine\math.h(22): error C4430: missing type specifier - int assumed. Note: C++ does not support default-int
c:\users\jonathonlau\source\repos\ncgame\engine\math.h(22): error C2086: 'int Math::ENGINE_API': redefinition
  c:\users\jonathonlau\source\repos\ncgame\engine\math.h(18): note: see declaration of 'Math::ENGINE_API'
c:\users\jonathonlau\source\repos\ncgame\engine\math.h(23): error C2144: syntax error: 'float' should be preceded by ';'
c:\users\jonathonlau\source\repos\ncgame\engine\math.h(23): error C4430: missing type specifier - int assumed. Note: C++ does not support default-int
c:\users\jonathonlau\source\repos\ncgame\engine\math.h(23): error C2086: 'int Math::ENGINE_API': redefinition
  c:\users\jonathonlau\source\repos\ncgame\engine\math.h(18): note: see declaration of 'Math::ENGINE_API'
c:\users\jonathonlau\source\repos\ncgame\engine\math.h(24): error C2144: syntax error: 'bool' should be preceded by ';'
c:\users\jonathonlau\source\repos\ncgame\engine\math.h(24): error C4430: missing type specifier - int assumed. Note: C++ does not support default-int
c:\users\jonathonlau\source\repos\ncgame\engine\math.h(24): error C2086: 'int Math::ENGINE_API': redefinition
  c:\users\jonathonlau\source\repos\ncgame\engine\math.h(18): note: see declaration of 'Math::ENGINE_API'
c:\program files (x86)\microsoft visual studio\2017\enterprise\vc\tools\msvc\14.13.26128\include\cstdlib(20): error C2039: 'fabs': is not a member of '`global namespace''
c:\program files (x86)\microsoft visual studio\2017\enterprise\vc\tools\msvc\14.13.26128\include\cstdlib(20): error C3861: 'fabs': identifier not found
c:\program files (x86)\microsoft visual studio\2017\enterprise\vc\tools\msvc\14.13.26128\include\cstdlib(25): error C2039: 'fabsf': is not a member of '`global namespace''
c:\program files (x86)\microsoft visual studio\2017\enterprise\vc\tools\msvc\14.13.26128\include\cstdlib(25): error C3861: 'fabsf': identifier not found
c:\program files (x86)\microsoft visual studio\2017\enterprise\vc\tools\msvc\14.13.26128\include\cstdlib(30): error C2039: 'fabsl': is not a member of '`global namespace''
c:\program files (x86)\microsoft visual studio\2017\enterprise\vc\tools\msvc\14.13.26128\include\cstdlib(30): error C3861: 'fabsl': identifier not found
c:\program files (x86)\microsoft visual studio\2017\enterprise\vc\tools\msvc\14.13.26128\include\cmath(20): warning C4244: 'argument': conversion from 'double' to 'int', possible loss of data
c:\program files (x86)\microsoft visual studio\2017\enterprise\vc\tools\msvc\14.13.26128\include\cmath(25): error C2039: 'acosf': is not a member of '`global namespace''
c:\program files (x86)\microsoft visual studio\2017\enterprise\vc\tools\msvc\14.13.26128\include\cmath(25): error C3861: 'acosf': identifier not found
c:\program files (x86)\microsoft visual studio\2017\enterprise\vc\tools\msvc\14.13.26128\include\cmath(30): error C2039: 'acoshf': is not a member of '`global namespace''
c:\program files (x86)\microsoft visual studio\2017\enterprise\vc\tools\msvc\14.13.26128\include\cmath(30): error C3861: 'acoshf': identifier not found
c:\program files (x86)\microsoft visual studio\2017\enterprise\vc\tools\msvc\14.13.26128\include\cmath(35): error C2039: 'asinf': is not a member of '`global namespace''
c:\program files (x86)\microsoft visual studio\2017\enterprise\vc\tools\msvc\14.13.26128\include\cmath(35): error C3861: 'asinf': identifier not found
c:\program files (x86)\microsoft visual studio\2017\enterprise\vc\tools\msvc\14.13.26128\include\cmath(40): error C2039: 'asinhf': is not a member of '`global namespace''
c:\program files (x86)\microsoft visual studio\2017\enterprise\vc\tools\msvc\14.13.26128\include\cmath(40): error C3861: 'asinhf': identifier not found
c:\program files (x86)\microsoft visual studio\2017\enterprise\vc\tools\msvc\14.13.26128\include\cmath(45): error C2039: 'atanf': is not a member of '`global namespace''
c:\program files (x86)\microsoft visual studio\2017\enterprise\vc\tools\msvc\14.13.26128\include\cmath(45): error C3861: 'atanf': identifier not found
c:\program files (x86)\microsoft visual studio\2017\enterprise\vc\tools\msvc\14.13.26128\include\cmath(50): error C2039: 'atanhf': is not a member of '`global namespace''
c:\program files (x86)\microsoft visual studio\2017\enterprise\vc\tools\msvc\14.13.26128\include\cmath(50): error C3861: 'atanhf': identifier not found
c:\program files (x86)\microsoft visual studio\2017\enterprise\vc\tools\msvc\14.13.26128\include\cmath(55): error C2039: 'atan2f': is not a member of '`global namespace''
c:\program files (x86)\microsoft visual studio\2017\enterprise\vc\tools\msvc\14.13.26128\include\cmath(55): error C3861: 'atan2f': identifier not found
c:\program files (x86)\microsoft visual studio\2017\enterprise\vc\tools\msvc\14.13.26128\include\cmath(60): error C2039: 'cbrtf': is not a member of '`global namespace''
c:\program files (x86)\microsoft visual studio\2017\enterprise\vc\tools\msvc\14.13.26128\include\cmath(60): error C3861: 'cbrtf': identifier not found
c:\program files (x86)\microsoft visual studio\2017\enterprise\vc\tools\msvc\14.13.26128\include\cmath(65): error C2039: 'ceilf': is not a member of '`global namespace''
c:\program files (x86)\microsoft visual studio\2017\enterprise\vc\tools\msvc\14.13.26128\include\cmath(65): error C3861: 'ceilf': identifier not found
c:\program files (x86)\microsoft visual studio\2017\enterprise\vc\tools\msvc\14.13.26128\include\cmath(71): error C2039: 'copysignf': is not a member of '`global namespace''
c:\program files (x86)\microsoft visual studio\2017\enterprise\vc\tools\msvc\14.13.26128\include\cmath(71): error C3861: 'copysignf': identifier not found
c:\program files (x86)\microsoft visual studio\2017\enterprise\vc\tools\msvc\14.13.26128\include\cmath(76): error C2039: 'cosf': is not a member of '`global namespace''
c:\program files (x86)\microsoft visual studio\2017\enterprise\vc\tools\msvc\14.13.26128\include\cmath(76): error C3861: 'cosf': identifier not found
c:\program files (x86)\microsoft visual studio\2017\enterprise\vc\tools\msvc\14.13.26128\include\cmath(81): error C2039: 'coshf': is not a member of '`global namespace''
c:\program files (x86)\microsoft visual studio\2017\enterprise\vc\tools\msvc\14.13.26128\include\cmath(81): error C3861: 'coshf': identifier not found
c:\program files (x86)\microsoft visual studio\2017\enterprise\vc\tools\msvc\14.13.26128\include\cmath(86): error C2039: 'erff': is not a member of '`global namespace''
c:\program files (x86)\microsoft visual studio\2017\enterprise\vc\tools\msvc\14.13.26128\include\cmath(86): error C3861: 'erff': identifier not found
c:\program files (x86)\microsoft visual studio\2017\enterprise\vc\tools\msvc\14.13.26128\include\cmath(91): error C2039: 'erfcf': is not a member of '`global namespace''
c:\program files (x86)\microsoft visual studio\2017\enterprise\vc\tools\msvc\14.13.26128\include\cmath(91): error C3861: 'erfcf': identifier not found
c:\program files (x86)\microsoft visual studio\2017\enterprise\vc\tools\msvc\14.13.26128\include\cmath(96): error C2039: 'expf': is not a member of '`global namespace''
c:\program files (x86)\microsoft visual studio\2017\enterprise\vc\tools\msvc\14.13.26128\include\cmath(96): error C3861: 'expf': identifier not found
c:\program files (x86)\microsoft visual studio\2017\enterprise\vc\tools\msvc\14.13.26128\include\cmath(101): error C2039: 'exp2f': is not a member of '`global namespace''
c:\program files (x86)\microsoft visual studio\2017\enterprise\vc\tools\msvc\14.13.26128\include\cmath(101): error C3861: 'exp2f': identifier not found
c:\program files (x86)\microsoft visual studio\2017\enterprise\vc\tools\msvc\14.13.26128\include\cmath(106): error C2039: 'expm1f': is not a member of '`global namespace''
c:\program files (x86)\microsoft visual studio\2017\enterprise\vc\tools\msvc\14.13.26128\include\cmath(106): error C3861: 'expm1f': identifier not found
c:\program files (x86)\microsoft visual studio\2017\enterprise\vc\tools\msvc\14.13.26128\include\cmath(111): error C2039: 'fabsf': is not a member of '`global namespace''
c:\program files (x86)\microsoft visual studio\2017\enterprise\vc\tools\msvc\14.13.26128\include\cmath(111): error C3861: 'fabsf': identifier not found
c:\program files (x86)\microsoft visual studio\2017\enterprise\vc\tools\msvc\14.13.26128\include\cmath(116): error C2039: 'fdimf': is not a member of '`global namespace''
c:\program files (x86)\microsoft visual studio\2017\enterprise\vc\tools\msvc\14.13.26128\include\cmath(116): error C3861: 'fdimf': identifier not found
c:\program files (x86)\microsoft visual studio\2017\enterprise\vc\tools\msvc\14.13.26128\include\cmath(121): error C2039: 'floorf': is not a member of '`global namespace''
c:\program files (x86)\microsoft visual studio\2017\enterprise\vc\tools\msvc\14.13.26128\include\cmath(121): error C3861: 'floorf': identifier not found
c:\program files (x86)\microsoft visual studio\2017\enterprise\vc\tools\msvc\14.13.26128\include\cmath(127): error C2039: 'fmaf': is not a member of '`global namespace''
c:\program files (x86)\microsoft visual studio\2017\enterprise\vc\tools\msvc\14.13.26128\include\cmath(127): error C3861: 'fmaf': identifier not found
c:\program files (x86)\microsoft visual studio\2017\enterprise\vc\tools\msvc\14.13.26128\include\cmath(132): error C2039: 'fmaxf': is not a member of '`global namespace''
c:\program files (x86)\microsoft visual studio\2017\enterprise\vc\tools\msvc\14.13.26128\include\cmath(132): error C3861: 'fmaxf': identifier not found
c:\program files (x86)\microsoft visual studio\2017\enterprise\vc\tools\msvc\14.13.26128\include\cmath(137): error C2039: 'fminf': is not a member of '`global namespace''
c:\program files (x86)\microsoft visual studio\2017\enterprise\vc\tools\msvc\14.13.26128\include\cmath(137): error C3861: 'fminf': identifier not found
c:\program files (x86)\microsoft visual studio\2017\enterprise\vc\tools\msvc\14.13.26128\include\cmath(142): error C2039: 'fmodf': is not a member of '`global namespace''
c:\program files (x86)\microsoft visual studio\2017\enterprise\vc\tools\msvc\14.13.26128\include\cmath(142): error C3861: 'fmodf': identifier not found
c:\program files (x86)\microsoft visual studio\2017\enterprise\vc\tools\msvc\14.13.26128\include\cmath(147): error C2039: 'frexpf': is not a member of '`global namespace''
c:\program files (x86)\microsoft visual studio\2017\enterprise\vc\tools\msvc\14.13.26128\include\cmath(147): error C3861: 'frexpf': identifier not found
c:\program files (x86)\microsoft visual studio\2017\enterprise\vc\tools\msvc\14.13.26128\include\cmath(152): error C2039: 'hypotf': is not a member of '`global namespace''
c:\program files (x86)\microsoft visual studio\2017\enterprise\vc\tools\msvc\14.13.26128\include\cmath(152): error C3861: 'hypotf': identifier not found
c:\program files (x86)\microsoft visual studio\2017\enterprise\vc\tools\msvc\14.13.26128\include\cmath(157): error C2039: 'ilogbf': is not a member of '`global namespace''
c:\program files (x86)\microsoft visual studio\2017\enterprise\vc\tools\msvc\14.13.26128\include\cmath(157): error C3861: 'ilogbf': identifier not found
c:\program files (x86)\microsoft visual studio\2017\enterprise\vc\tools\msvc\14.13.26128\include\cmath(162): error C2039: 'ldexpf': is not a member of '`global namespace''
c:\program files (x86)\microsoft visual studio\2017\enterprise\vc\tools\msvc\14.13.26128\include\cmath(162): error C3861: 'ldexpf': identifier not found
c:\program files (x86)\microsoft visual studio\2017\enterprise\vc\tools\msvc\14.13.26128\include\cmath(167): error C2039: 'lgammaf': is not a member of '`global namespace''
c:\program files (x86)\microsoft visual studio\2017\enterprise\vc\tools\msvc\14.13.26128\include\cmath(167): error C3861: 'lgammaf': identifier not found
c:\program files (x86)\microsoft visual studio\2017\enterprise\vc\tools\msvc\14.13.26128\include\cmath(172): error C2039: 'llrintf': is not a member of '`global namespace''
c:\program files (x86)\microsoft visual studio\2017\enterprise\vc\tools\msvc\14.13.26128\include\cmath(172): error C3861: 'llrintf': identifier not found
c:\program files (x86)\microsoft visual studio\2017\enterprise\vc\tools\msvc\14.13.26128\include\cmath(177): error C2039: 'llroundf': is not a member of '`global namespace''
c:\program files (x86)\microsoft visual studio\2017\enterprise\vc\tools\msvc\14.13.26128\include\cmath(177): error C3861: 'llroundf': identifier not found
c:\program files (x86)\microsoft visual studio\2017\enterprise\vc\tools\msvc\14.13.26128\include\cmath(182): error C2039: 'logf': is not a member of '`global namespace''
c:\program files (x86)\microsoft visual studio\2017\enterprise\vc\tools\msvc\14.13.26128\include\cmath(182): error C3861: 'logf': identifier not found
c:\program files (x86)\microsoft visual studio\2017\enterprise\vc\tools\msvc\14.13.26128\include\cmath(187): error C2039: 'log10f': is not a member of '`global namespace''
c:\program files (x86)\microsoft visual studio\2017\enterprise\vc\tools\msvc\14.13.26128\include\cmath(187): error C3861: 'log10f': identifier not found
c:\program files (x86)\microsoft visual studio\2017\enterprise\vc\tools\msvc\14.13.26128\include\cmath(192): error C2039: 'log1pf': is not a member of '`global namespace''
c:\program files (x86)\microsoft visual studio\2017\enterprise\vc\tools\msvc\14.13.26128\include\cmath(192): error C3861: 'log1pf': identifier not found
c:\program files (x86)\microsoft visual studio\2017\enterprise\vc\tools\msvc\14.13.26128\include\cmath(197): error C2039: 'log2f': is not a member of '`global namespace''
c:\program files (x86)\microsoft visual studio\2017\enterprise\vc\tools\msvc\14.13.26128\include\cmath(197): error C3861: 'log2f': identifier not found
c:\program files (x86)\microsoft visual studio\2017\enterprise\vc\tools\msvc\14.13.26128\include\cmath(202): error C2039: 'logbf': is not a member of '`global namespace''
c:\program files (x86)\microsoft visual studio\2017\enterprise\vc\tools\msvc\14.13.26128\include\cmath(202): error C3861: 'logbf': identifier not found
c:\program files (x86)\microsoft visual studio\2017\enterprise\vc\tools\msvc\14.13.26128\include\cmath(207): error C2039: 'lrintf': is not a member of '`global namespace''
c:\program files (x86)\microsoft visual studio\2017\enterprise\vc\tools\msvc\14.13.26128\include\cmath(207): error C3861: 'lrintf': identifier not found
c:\program files (x86)\microsoft visual studio\2017\enterprise\vc\tools\msvc\14.13.26128\include\cmath(212): error C2039: 'lroundf': is not a member of '`global namespace''
c:\program files (x86)\microsoft visual studio\2017\enterprise\vc\tools\msvc\14.13.26128\include\cmath(212): error C3861: 'lroundf': identifier not found
c:\program files (x86)\microsoft visual studio\2017\enterprise\vc\tools\msvc\14.13.26128\include\cmath(217): error C2039: 'modff': is not a member of '`global namespace''
c:\program files (x86)\microsoft visual studio\2017\enterprise\vc\tools\msvc\14.13.26128\include\cmath(217): error C3861: 'modff': identifier not found
c:\program files (x86)\microsoft visual studio\2017\enterprise\vc\tools\msvc\14.13.26128\include\cmath(222): error C2039: 'nearbyintf': is not a member of '`global namespace''
c:\program files (x86)\microsoft visual studio\2017\enterprise\vc\tools\msvc\14.13.26128\include\cmath(222): error C3861: 'nearbyintf': identifier not found
c:\program files (x86)\microsoft visual studio\2017\enterprise\vc\tools\msvc\14.13.26128\include\cmath(227): error C2039: 'nextafterf': is not a member of '`global namespace''
c:\program files (x86)\microsoft visual studio\2017\enterprise\vc\tools\msvc\14.13.26128\include\cmath(227): error C3861: 'nextafterf': identifier not found
c:\program files (x86)\microsoft visual studio\2017\enterprise\vc\tools\msvc\14.13.26128\include\cmath(227): fatal error C1003: error count exceeds 100; stopping compilation
