c:\users\jonathonlau\source\repos\ncgame\game\debug\vc141.pdb
c:\users\jonathonlau\source\repos\ncgame\game\debug\vc141.idb
c:\users\jonathonlau\source\repos\ncgame\game\debug\main.obj
c:\users\jonathonlau\source\repos\ncgame\game\debug\game.obj
c:\users\jonathonlau\source\repos\ncgame\game\debug\shipcontrollercomponent.obj
c:\users\jonathonlau\source\repos\ncgame\debug\game.ilk
c:\users\jonathonlau\source\repos\ncgame\debug\game.exe
c:\users\jonathonlau\source\repos\ncgame\debug\game.pdb
c:\users\jonathonlau\source\repos\ncgame\game\debug\game.tlog\cl.command.1.tlog
c:\users\jonathonlau\source\repos\ncgame\game\debug\game.tlog\cl.read.1.tlog
c:\users\jonathonlau\source\repos\ncgame\game\debug\game.tlog\cl.write.1.tlog
c:\users\jonathonlau\source\repos\ncgame\game\debug\game.tlog\link.15280-cvtres.read.1.tlog
c:\users\jonathonlau\source\repos\ncgame\game\debug\game.tlog\link.15280-cvtres.write.1.tlog
c:\users\jonathonlau\source\repos\ncgame\game\debug\game.tlog\link.15280-rc.read.1.tlog
c:\users\jonathonlau\source\repos\ncgame\game\debug\game.tlog\link.15280-rc.write.1.tlog
c:\users\jonathonlau\source\repos\ncgame\game\debug\game.tlog\link.15280.read.1.tlog
c:\users\jonathonlau\source\repos\ncgame\game\debug\game.tlog\link.15280.write.1.tlog
c:\users\jonathonlau\source\repos\ncgame\game\debug\game.tlog\link.command.1.tlog
c:\users\jonathonlau\source\repos\ncgame\game\debug\game.tlog\link.read.1.tlog
c:\users\jonathonlau\source\repos\ncgame\game\debug\game.tlog\link.write.1.tlog
